[INFO] Scanning for projects...
[INFO]                                                                         
[INFO] ------------------------------------------------------------------------
[INFO] Building AppFuse Spring MVC Application 1.0-SNAPSHOT
[INFO] ------------------------------------------------------------------------
[INFO] 
[INFO] >>> jetty-maven-plugin:9.2.1.v20140609:run (default-cli) > test-compile @ appfuse >>>
[INFO] 
[INFO] --- maven-enforcer-plugin:1.3.1:enforce (enforce-versions) @ appfuse ---
[INFO] 
[INFO] --- maven-resources-plugin:2.6:resources (default-resources) @ appfuse ---
[INFO] Using 'UTF-8' encoding to copy filtered resources.
[INFO] Copying 0 resource
[INFO] Copying 47 resources
[INFO] 
[INFO] --- maven-compiler-plugin:3.1:compile (default-compile) @ appfuse ---
[INFO] Nothing to compile - all classes are up to date
[INFO] 
[INFO] --- native2ascii-maven-plugin:1.0-beta-1:native2ascii (native2ascii-utf8) @ appfuse ---
[INFO] Includes: [ApplicationResources_el*.properties, ApplicationResources_zh*.properties, ApplicationResources_ko*.properties, displaytag_el*.properties, displaytag_zh*.properties, errors_el*, errors_ko*, errors_tr*, errors_zh*]
[INFO] Excludes: []
[INFO] Processing /home/yellow/workspace/appfuse/target/classes/displaytag_zh_TW.properties
[INFO] Processing /home/yellow/workspace/appfuse/target/classes/displaytag_zh_CN.properties
[INFO] Processing /home/yellow/workspace/appfuse/target/classes/ApplicationResources_zh_TW.properties
[INFO] Processing /home/yellow/workspace/appfuse/target/classes/displaytag_zh.properties
[INFO] Processing /home/yellow/workspace/appfuse/target/classes/ApplicationResources_el.properties
[INFO] Processing /home/yellow/workspace/appfuse/target/classes/ApplicationResources_zh_CN.properties
[INFO] Processing /home/yellow/workspace/appfuse/target/classes/displaytag_el.properties
[INFO] Processing /home/yellow/workspace/appfuse/target/classes/ApplicationResources_zh.properties
[INFO] Processing /home/yellow/workspace/appfuse/target/classes/ApplicationResources_ko.properties
[INFO] 
[INFO] --- native2ascii-maven-plugin:1.0-beta-1:native2ascii (native2ascii-8859_1) @ appfuse ---
[INFO] Includes: [errors_de.properties, errors_fr.properties, errors_nl.properties, errors_pt*.properties]
[INFO] Excludes: []
[INFO] 
[INFO] --- maven-resources-plugin:2.6:testResources (default-testResources) @ appfuse ---
[INFO] Using 'UTF-8' encoding to copy filtered resources.
[INFO] Copying 19 resources
[INFO] Copying 16 resources
[INFO] 
[INFO] --- build-helper-maven-plugin:1.9.1:reserve-network-port (reserve-ports) @ appfuse ---
[INFO] Reserved port 37707 for cargo.port
[INFO] Reserved port 42003 for cargo.ajp.port
[INFO] Reserved port 46163 for cargo.debug.port
[INFO] 
[INFO] --- hibernate4-maven-plugin:1.0.5:export (default) @ appfuse ---
[INFO] Scanning directory /home/yellow/workspace/appfuse/target/classes for annotated classes...
[INFO] Scanning dependencies for scope none
[INFO] Reading properties from file /home/yellow/workspace/appfuse/target/classes/jdbc.properties...
[INFO] No modified annotated classes or mapping-files found and dialect unchanged.
[INFO] Skipping schema generation!
[INFO] 
[INFO] --- maven-compiler-plugin:3.1:testCompile (default-testCompile) @ appfuse ---
[INFO] Nothing to compile - all classes are up to date
[INFO] 
[INFO] --- dbunit-maven-plugin:1.0-beta-3:operation (test-compile) @ appfuse ---
[INFO] 
	database name=MySQL
	database version=5.5.34-0ubuntu0.13.04.1
	database major version=5
	database minor version=5
	jdbc driver name=MySQL Connector Java
	jdbc driver version=mysql-connector-java-5.1.27 ( Revision: alexander.soklakov@oracle.com-20131021093118-gtm1bh1vb450xipt )
	jdbc driver major version=5
	jdbc driver minor version=1

[INFO] 
[INFO] <<< jetty-maven-plugin:9.2.1.v20140609:run (default-cli) < test-compile @ appfuse <<<
[INFO] 
[INFO] --- jetty-maven-plugin:9.2.1.v20140609:run (default-cli) @ appfuse ---
[INFO] Configuring Jetty for project: AppFuse Spring MVC Application
[INFO] webAppSourceDirectory not set. Trying src/main/webapp
[INFO] Reload Mechanic: automatic
[INFO] Classes = /home/yellow/workspace/appfuse/target/classes
[INFO] Context path = /
[INFO] Tmp directory = /home/yellow/workspace/appfuse/target/tmp
[INFO] Web defaults = org/eclipse/jetty/webapp/webdefault.xml
[INFO] Web overrides =  none
[INFO] web.xml file = file:/home/yellow/workspace/appfuse/src/main/webapp/WEB-INF/web.xml
[INFO] Webapp directory = /home/yellow/workspace/appfuse/src/main/webapp
DEBUG [main] StartupListener.contextInitialized(47) | Initializing context...
DEBUG [main] StartupListener.contextInitialized(82) | Remember Me Enabled? true
DEBUG [main] StartupListener.contextInitialized(84) | Password Encoder: BCryptPasswordEncoder
DEBUG [main] StartupListener.contextInitialized(86) | Populating drop-downs...
DEBUG [main] LookupDaoHibernate.getRoles(39) | Retrieving all role names...
DEBUG [main] StartupListener.setupContext(130) | Drop-down initialization complete [OK]
DEBUG [main] StartupListener.setupContext(135) | Full text search reindexing complete [OK]
WARN [main] StartupListener.contextInitialized(96) | META-INF/MANIFEST.MF not found.
INFO [main] StartupListener.contextInitialized(115) | Application version set to: 43385
DEBUG [main] LocaleFilter.init(177) | Initializing filter 'localeFilter'
DEBUG [main] LocaleFilter.init(202) | Filter 'localeFilter' configured successfully
[INFO] Started Jetty Server
ERROR [qtp751217636-14] AbstractFaultChainInitiatorObserver.onMessage(115) | Error occurred during error handling, give up!
org.apache.cxf.interceptor.Fault: Could not obtain transaction-synchronized Session for current thread; nested exception is org.hibernate.HibernateException: Could not obtain transaction-synchronized Session for current thread
	at org.apache.cxf.service.invoker.AbstractInvoker.createFault(AbstractInvoker.java:163) ~[cxf-core-3.0.1.jar:3.0.1]
	at org.apache.cxf.service.invoker.AbstractInvoker.invoke(AbstractInvoker.java:129) ~[cxf-core-3.0.1.jar:3.0.1]
	at org.apache.cxf.jaxrs.JAXRSInvoker.invoke(JAXRSInvoker.java:200) ~[cxf-rt-frontend-jaxrs-3.0.1.jar:3.0.1]
	at org.apache.cxf.jaxrs.JAXRSInvoker.invoke(JAXRSInvoker.java:99) ~[cxf-rt-frontend-jaxrs-3.0.1.jar:3.0.1]
	at org.apache.cxf.interceptor.ServiceInvokerInterceptor$1.run(ServiceInvokerInterceptor.java:59) ~[cxf-core-3.0.1.jar:3.0.1]
	at org.apache.cxf.interceptor.ServiceInvokerInterceptor.handleMessage(ServiceInvokerInterceptor.java:96) ~[cxf-core-3.0.1.jar:3.0.1]
	at org.apache.cxf.phase.PhaseInterceptorChain.doIntercept(PhaseInterceptorChain.java:307) [cxf-core-3.0.1.jar:3.0.1]
	at org.apache.cxf.transport.ChainInitiationObserver.onMessage(ChainInitiationObserver.java:121) [cxf-core-3.0.1.jar:3.0.1]
	at org.apache.cxf.transport.http.AbstractHTTPDestination.invoke(AbstractHTTPDestination.java:243) [cxf-rt-transports-http-3.0.1.jar:3.0.1]
	at org.apache.cxf.transport.servlet.ServletController.invokeDestination(ServletController.java:223) [cxf-rt-transports-http-3.0.1.jar:3.0.1]
	at org.apache.cxf.transport.servlet.ServletController.invoke(ServletController.java:197) [cxf-rt-transports-http-3.0.1.jar:3.0.1]
	at org.apache.cxf.transport.servlet.ServletController.invoke(ServletController.java:149) [cxf-rt-transports-http-3.0.1.jar:3.0.1]
	at org.apache.cxf.transport.servlet.CXFNonSpringServlet.invoke(CXFNonSpringServlet.java:171) [cxf-rt-transports-http-3.0.1.jar:3.0.1]
	at org.apache.cxf.transport.servlet.AbstractHTTPServlet.handleRequest(AbstractHTTPServlet.java:286) [cxf-rt-transports-http-3.0.1.jar:3.0.1]
	at org.apache.cxf.transport.servlet.AbstractHTTPServlet.doGet(AbstractHTTPServlet.java:211) [cxf-rt-transports-http-3.0.1.jar:3.0.1]
	at javax.servlet.http.HttpServlet.service(HttpServlet.java:687) [javax.servlet-api-3.1.0.jar:3.1.0]
	at org.apache.cxf.transport.servlet.AbstractHTTPServlet.service(AbstractHTTPServlet.java:262) [cxf-rt-transports-http-3.0.1.jar:3.0.1]
	at org.eclipse.jetty.servlet.ServletHolder.handle(ServletHolder.java:751) [jetty-servlet-9.2.1.v20140609.jar:9.2.1.v20140609]
	at org.eclipse.jetty.servlet.ServletHandler$CachedChain.doFilter(ServletHandler.java:1666) [jetty-servlet-9.2.1.v20140609.jar:9.2.1.v20140609]
	at org.springframework.security.web.FilterChainProxy$VirtualFilterChain.doFilter(FilterChainProxy.java:330) [spring-security-web-3.2.5.RELEASE.jar:3.2.5.RELEASE]
	at org.springframework.security.web.access.intercept.FilterSecurityInterceptor.invoke(FilterSecurityInterceptor.java:118) [spring-security-web-3.2.5.RELEASE.jar:3.2.5.RELEASE]
	at org.springframework.security.web.access.intercept.FilterSecurityInterceptor.doFilter(FilterSecurityInterceptor.java:84) [spring-security-web-3.2.5.RELEASE.jar:3.2.5.RELEASE]
	at org.springframework.security.web.FilterChainProxy$VirtualFilterChain.doFilter(FilterChainProxy.java:342) [spring-security-web-3.2.5.RELEASE.jar:3.2.5.RELEASE]
	at org.springframework.security.web.access.ExceptionTranslationFilter.doFilter(ExceptionTranslationFilter.java:113) [spring-security-web-3.2.5.RELEASE.jar:3.2.5.RELEASE]
	at org.springframework.security.web.FilterChainProxy$VirtualFilterChain.doFilter(FilterChainProxy.java:342) [spring-security-web-3.2.5.RELEASE.jar:3.2.5.RELEASE]
	at org.springframework.security.web.session.SessionManagementFilter.doFilter(SessionManagementFilter.java:103) [spring-security-web-3.2.5.RELEASE.jar:3.2.5.RELEASE]
	at org.springframework.security.web.FilterChainProxy$VirtualFilterChain.doFilter(FilterChainProxy.java:342) [spring-security-web-3.2.5.RELEASE.jar:3.2.5.RELEASE]
	at org.springframework.security.web.authentication.AnonymousAuthenticationFilter.doFilter(AnonymousAuthenticationFilter.java:113) [spring-security-web-3.2.5.RELEASE.jar:3.2.5.RELEASE]
	at org.springframework.security.web.FilterChainProxy$VirtualFilterChain.doFilter(FilterChainProxy.java:342) [spring-security-web-3.2.5.RELEASE.jar:3.2.5.RELEASE]
	at org.springframework.security.web.authentication.rememberme.RememberMeAuthenticationFilter.doFilter(RememberMeAuthenticationFilter.java:139) [spring-security-web-3.2.5.RELEASE.jar:3.2.5.RELEASE]
	at org.springframework.security.web.FilterChainProxy$VirtualFilterChain.doFilter(FilterChainProxy.java:342) [spring-security-web-3.2.5.RELEASE.jar:3.2.5.RELEASE]
	at org.springframework.security.web.servletapi.SecurityContextHolderAwareRequestFilter.doFilter(SecurityContextHolderAwareRequestFilter.java:154) [spring-security-web-3.2.5.RELEASE.jar:3.2.5.RELEASE]
	at org.springframework.security.web.FilterChainProxy$VirtualFilterChain.doFilter(FilterChainProxy.java:342) [spring-security-web-3.2.5.RELEASE.jar:3.2.5.RELEASE]
	at org.springframework.security.web.savedrequest.RequestCacheAwareFilter.doFilter(RequestCacheAwareFilter.java:45) [spring-security-web-3.2.5.RELEASE.jar:3.2.5.RELEASE]
	at org.springframework.security.web.FilterChainProxy$VirtualFilterChain.doFilter(FilterChainProxy.java:342) [spring-security-web-3.2.5.RELEASE.jar:3.2.5.RELEASE]
	at org.springframework.security.web.authentication.www.BasicAuthenticationFilter.doFilter(BasicAuthenticationFilter.java:150) [spring-security-web-3.2.5.RELEASE.jar:3.2.5.RELEASE]
	at org.springframework.security.web.FilterChainProxy$VirtualFilterChain.doFilter(FilterChainProxy.java:342) [spring-security-web-3.2.5.RELEASE.jar:3.2.5.RELEASE]
	at org.springframework.security.web.authentication.AbstractAuthenticationProcessingFilter.doFilter(AbstractAuthenticationProcessingFilter.java:199) [spring-security-web-3.2.5.RELEASE.jar:3.2.5.RELEASE]
	at org.springframework.security.web.FilterChainProxy$VirtualFilterChain.doFilter(FilterChainProxy.java:342) [spring-security-web-3.2.5.RELEASE.jar:3.2.5.RELEASE]
	at org.springframework.security.web.authentication.logout.LogoutFilter.doFilter(LogoutFilter.java:110) [spring-security-web-3.2.5.RELEASE.jar:3.2.5.RELEASE]
	at org.springframework.security.web.FilterChainProxy$VirtualFilterChain.doFilter(FilterChainProxy.java:342) [spring-security-web-3.2.5.RELEASE.jar:3.2.5.RELEASE]
	at org.springframework.security.web.context.request.async.WebAsyncManagerIntegrationFilter.doFilterInternal(WebAsyncManagerIntegrationFilter.java:50) [spring-security-web-3.2.5.RELEASE.jar:3.2.5.RELEASE]
	at org.springframework.web.filter.OncePerRequestFilter.doFilter(OncePerRequestFilter.java:107) [spring-web-4.1.3.RELEASE.jar:4.1.3.RELEASE]
	at org.springframework.security.web.FilterChainProxy$VirtualFilterChain.doFilter(FilterChainProxy.java:342) [spring-security-web-3.2.5.RELEASE.jar:3.2.5.RELEASE]
	at org.springframework.security.web.context.SecurityContextPersistenceFilter.doFilter(SecurityContextPersistenceFilter.java:87) [spring-security-web-3.2.5.RELEASE.jar:3.2.5.RELEASE]
	at org.springframework.security.web.FilterChainProxy$VirtualFilterChain.doFilter(FilterChainProxy.java:342) [spring-security-web-3.2.5.RELEASE.jar:3.2.5.RELEASE]
	at org.springframework.security.web.FilterChainProxy.doFilterInternal(FilterChainProxy.java:192) [spring-security-web-3.2.5.RELEASE.jar:3.2.5.RELEASE]
	at org.springframework.security.web.FilterChainProxy.doFilter(FilterChainProxy.java:160) [spring-security-web-3.2.5.RELEASE.jar:3.2.5.RELEASE]
	at org.springframework.web.filter.DelegatingFilterProxy.invokeDelegate(DelegatingFilterProxy.java:344) [spring-web-4.1.3.RELEASE.jar:4.1.3.RELEASE]
	at org.springframework.web.filter.DelegatingFilterProxy.doFilter(DelegatingFilterProxy.java:261) [spring-web-4.1.3.RELEASE.jar:4.1.3.RELEASE]
	at org.eclipse.jetty.servlet.ServletHandler$CachedChain.doFilter(ServletHandler.java:1653) [jetty-servlet-9.2.1.v20140609.jar:9.2.1.v20140609]
	at com.opensymphony.sitemesh.webapp.SiteMeshFilter.doFilter(SiteMeshFilter.java:59) [sitemesh-2.4.2.jar:?]
	at org.eclipse.jetty.servlet.ServletHandler$CachedChain.doFilter(ServletHandler.java:1653) [jetty-servlet-9.2.1.v20140609.jar:9.2.1.v20140609]
	at org.apache.logging.log4j.web.Log4jServletFilter.doFilter(Log4jServletFilter.java:64) [log4j-web-2.1.jar:2.1]
	at org.eclipse.jetty.servlet.ServletHandler$CachedChain.doFilter(ServletHandler.java:1636) [jetty-servlet-9.2.1.v20140609.jar:9.2.1.v20140609]
	at org.eclipse.jetty.servlet.ServletHandler.doHandle(ServletHandler.java:564) [jetty-servlet-9.2.1.v20140609.jar:9.2.1.v20140609]
	at org.eclipse.jetty.server.handler.ScopedHandler.handle(ScopedHandler.java:143) [jetty-server-9.2.1.v20140609.jar:9.2.1.v20140609]
	at org.eclipse.jetty.security.SecurityHandler.handle(SecurityHandler.java:596) [jetty-security-9.2.1.v20140609.jar:9.2.1.v20140609]
	at org.eclipse.jetty.server.session.SessionHandler.doHandle(SessionHandler.java:221) [jetty-server-9.2.1.v20140609.jar:9.2.1.v20140609]
	at org.eclipse.jetty.server.handler.ContextHandler.doHandle(ContextHandler.java:1111) [jetty-server-9.2.1.v20140609.jar:9.2.1.v20140609]
	at org.eclipse.jetty.servlet.ServletHandler.doScope(ServletHandler.java:498) [jetty-servlet-9.2.1.v20140609.jar:9.2.1.v20140609]
	at org.eclipse.jetty.server.session.SessionHandler.doScope(SessionHandler.java:183) [jetty-server-9.2.1.v20140609.jar:9.2.1.v20140609]
	at org.eclipse.jetty.server.handler.ContextHandler.doScope(ContextHandler.java:1045) [jetty-server-9.2.1.v20140609.jar:9.2.1.v20140609]
	at org.eclipse.jetty.server.handler.ScopedHandler.handle(ScopedHandler.java:141) [jetty-server-9.2.1.v20140609.jar:9.2.1.v20140609]
	at org.eclipse.jetty.server.Dispatcher.forward(Dispatcher.java:191) [jetty-server-9.2.1.v20140609.jar:9.2.1.v20140609]
	at org.eclipse.jetty.server.Dispatcher.forward(Dispatcher.java:72) [jetty-server-9.2.1.v20140609.jar:9.2.1.v20140609]
	at org.tuckey.web.filters.urlrewrite.NormalRewrittenUrl.doRewrite(NormalRewrittenUrl.java:213) [urlrewritefilter-4.0.3.jar:4.0.3]
	at org.tuckey.web.filters.urlrewrite.RuleChain.handleRewrite(RuleChain.java:171) [urlrewritefilter-4.0.3.jar:4.0.3]
	at org.tuckey.web.filters.urlrewrite.RuleChain.doRules(RuleChain.java:145) [urlrewritefilter-4.0.3.jar:4.0.3]
	at org.tuckey.web.filters.urlrewrite.UrlRewriter.processRequest(UrlRewriter.java:92) [urlrewritefilter-4.0.3.jar:4.0.3]
	at org.tuckey.web.filters.urlrewrite.UrlRewriteFilter.doFilter(UrlRewriteFilter.java:394) [urlrewritefilter-4.0.3.jar:4.0.3]
	at org.eclipse.jetty.servlet.ServletHandler$CachedChain.doFilter(ServletHandler.java:1653) [jetty-servlet-9.2.1.v20140609.jar:9.2.1.v20140609]
	at com.cxic.webapp.filter.LocaleFilter.doFilterInternal(LocaleFilter.java:66) [classes/:?]
	at org.springframework.web.filter.OncePerRequestFilter.doFilter(OncePerRequestFilter.java:107) [spring-web-4.1.3.RELEASE.jar:4.1.3.RELEASE]
	at org.eclipse.jetty.servlet.ServletHandler$CachedChain.doFilter(ServletHandler.java:1653) [jetty-servlet-9.2.1.v20140609.jar:9.2.1.v20140609]
	at org.springframework.web.filter.CharacterEncodingFilter.doFilterInternal(CharacterEncodingFilter.java:88) [spring-web-4.1.3.RELEASE.jar:4.1.3.RELEASE]
	at org.springframework.web.filter.OncePerRequestFilter.doFilter(OncePerRequestFilter.java:107) [spring-web-4.1.3.RELEASE.jar:4.1.3.RELEASE]
	at org.eclipse.jetty.servlet.ServletHandler$CachedChain.doFilter(ServletHandler.java:1653) [jetty-servlet-9.2.1.v20140609.jar:9.2.1.v20140609]
	at com.opensymphony.sitemesh.webapp.SiteMeshFilter.obtainContent(SiteMeshFilter.java:129) [sitemesh-2.4.2.jar:?]
	at com.opensymphony.sitemesh.webapp.SiteMeshFilter.doFilter(SiteMeshFilter.java:77) [sitemesh-2.4.2.jar:?]
	at org.eclipse.jetty.servlet.ServletHandler$CachedChain.doFilter(ServletHandler.java:1645) [jetty-servlet-9.2.1.v20140609.jar:9.2.1.v20140609]
	at org.apache.logging.log4j.web.Log4jServletFilter.doFilter(Log4jServletFilter.java:71) [log4j-web-2.1.jar:2.1]
	at org.eclipse.jetty.servlet.ServletHandler$CachedChain.doFilter(ServletHandler.java:1636) [jetty-servlet-9.2.1.v20140609.jar:9.2.1.v20140609]
	at org.eclipse.jetty.servlet.ServletHandler.doHandle(ServletHandler.java:564) [jetty-servlet-9.2.1.v20140609.jar:9.2.1.v20140609]
	at org.eclipse.jetty.server.handler.ScopedHandler.handle(ScopedHandler.java:143) [jetty-server-9.2.1.v20140609.jar:9.2.1.v20140609]
	at org.eclipse.jetty.security.SecurityHandler.handle(SecurityHandler.java:578) [jetty-security-9.2.1.v20140609.jar:9.2.1.v20140609]
	at org.eclipse.jetty.server.session.SessionHandler.doHandle(SessionHandler.java:221) [jetty-server-9.2.1.v20140609.jar:9.2.1.v20140609]
	at org.eclipse.jetty.server.handler.ContextHandler.doHandle(ContextHandler.java:1111) [jetty-server-9.2.1.v20140609.jar:9.2.1.v20140609]
	at org.eclipse.jetty.servlet.ServletHandler.doScope(ServletHandler.java:498) [jetty-servlet-9.2.1.v20140609.jar:9.2.1.v20140609]
	at org.eclipse.jetty.server.session.SessionHandler.doScope(SessionHandler.java:183) [jetty-server-9.2.1.v20140609.jar:9.2.1.v20140609]
	at org.eclipse.jetty.server.handler.ContextHandler.doScope(ContextHandler.java:1045) [jetty-server-9.2.1.v20140609.jar:9.2.1.v20140609]
	at org.eclipse.jetty.server.handler.ScopedHandler.handle(ScopedHandler.java:141) [jetty-server-9.2.1.v20140609.jar:9.2.1.v20140609]
	at org.eclipse.jetty.server.handler.ContextHandlerCollection.handle(ContextHandlerCollection.java:199) [jetty-server-9.2.1.v20140609.jar:9.2.1.v20140609]
	at org.eclipse.jetty.server.handler.HandlerCollection.handle(HandlerCollection.java:109) [jetty-server-9.2.1.v20140609.jar:9.2.1.v20140609]
	at org.eclipse.jetty.server.handler.HandlerWrapper.handle(HandlerWrapper.java:98) [jetty-server-9.2.1.v20140609.jar:9.2.1.v20140609]
	at org.eclipse.jetty.server.Server.handle(Server.java:461) [jetty-server-9.2.1.v20140609.jar:9.2.1.v20140609]
	at org.eclipse.jetty.server.HttpChannel.handle(HttpChannel.java:284) [jetty-server-9.2.1.v20140609.jar:9.2.1.v20140609]
	at org.eclipse.jetty.server.HttpConnection.onFillable(HttpConnection.java:244) [jetty-server-9.2.1.v20140609.jar:9.2.1.v20140609]
	at org.eclipse.jetty.io.AbstractConnection$2.run(AbstractConnection.java:534) [jetty-io-9.2.1.v20140609.jar:9.2.1.v20140609]
	at org.eclipse.jetty.util.thread.QueuedThreadPool.runJob(QueuedThreadPool.java:607) [jetty-util-9.2.1.v20140609.jar:9.2.1.v20140609]
	at org.eclipse.jetty.util.thread.QueuedThreadPool$3.run(QueuedThreadPool.java:536) [jetty-util-9.2.1.v20140609.jar:9.2.1.v20140609]
	at java.lang.Thread.run(Thread.java:745) [?:1.7.0_75]
Caused by: org.springframework.orm.hibernate4.HibernateSystemException: Could not obtain transaction-synchronized Session for current thread; nested exception is org.hibernate.HibernateException: Could not obtain transaction-synchronized Session for current thread
	at org.springframework.orm.hibernate4.SessionFactoryUtils.convertHibernateAccessException(SessionFactoryUtils.java:218) ~[spring-orm-4.1.3.RELEASE.jar:4.1.3.RELEASE]
	at org.springframework.orm.hibernate4.HibernateExceptionTranslator.convertHibernateAccessException(HibernateExceptionTranslator.java:57) ~[spring-orm-4.1.3.RELEASE.jar:4.1.3.RELEASE]
	at org.springframework.orm.hibernate4.HibernateExceptionTranslator.translateExceptionIfPossible(HibernateExceptionTranslator.java:44) ~[spring-orm-4.1.3.RELEASE.jar:4.1.3.RELEASE]
	at org.springframework.dao.support.ChainedPersistenceExceptionTranslator.translateExceptionIfPossible(ChainedPersistenceExceptionTranslator.java:59) ~[spring-tx-4.1.3.RELEASE.jar:4.1.3.RELEASE]
	at org.springframework.dao.support.DataAccessUtils.translateIfNecessary(DataAccessUtils.java:213) ~[spring-tx-4.1.3.RELEASE.jar:4.1.3.RELEASE]
	at org.springframework.dao.support.PersistenceExceptionTranslationInterceptor.invoke(PersistenceExceptionTranslationInterceptor.java:147) ~[spring-tx-4.1.3.RELEASE.jar:4.1.3.RELEASE]
	at org.springframework.aop.framework.ReflectiveMethodInvocation.proceed(ReflectiveMethodInvocation.java:179) ~[spring-aop-4.1.3.RELEASE.jar:4.1.3.RELEASE]
	at org.springframework.aop.framework.JdkDynamicAopProxy.invoke(JdkDynamicAopProxy.java:207) ~[spring-aop-4.1.3.RELEASE.jar:4.1.3.RELEASE]
	at com.sun.proxy.$Proxy135.getAllDistinct(Unknown Source) ~[?:?]
	at com.cxic.service.impl.PersonManagerImpl.getPeople(PersonManagerImpl.java:33) ~[classes/:?]
	at sun.reflect.NativeMethodAccessorImpl.invoke0(Native Method) ~[?:1.7.0_75]
	at sun.reflect.NativeMethodAccessorImpl.invoke(NativeMethodAccessorImpl.java:57) ~[?:1.7.0_75]
	at sun.reflect.DelegatingMethodAccessorImpl.invoke(DelegatingMethodAccessorImpl.java:43) ~[?:1.7.0_75]
	at java.lang.reflect.Method.invoke(Method.java:606) ~[?:1.7.0_75]
	at org.springframework.aop.support.AopUtils.invokeJoinpointUsingReflection(AopUtils.java:317) ~[spring-aop-4.1.3.RELEASE.jar:4.1.3.RELEASE]
	at org.springframework.aop.framework.ReflectiveMethodInvocation.invokeJoinpoint(ReflectiveMethodInvocation.java:190) ~[spring-aop-4.1.3.RELEASE.jar:4.1.3.RELEASE]
	at org.springframework.aop.framework.ReflectiveMethodInvocation.proceed(ReflectiveMethodInvocation.java:157) ~[spring-aop-4.1.3.RELEASE.jar:4.1.3.RELEASE]
	at org.springframework.aop.interceptor.ExposeInvocationInterceptor.invoke(ExposeInvocationInterceptor.java:92) ~[spring-aop-4.1.3.RELEASE.jar:4.1.3.RELEASE]
	at org.springframework.aop.framework.ReflectiveMethodInvocation.proceed(ReflectiveMethodInvocation.java:179) ~[spring-aop-4.1.3.RELEASE.jar:4.1.3.RELEASE]
	at org.springframework.aop.framework.JdkDynamicAopProxy.invoke(JdkDynamicAopProxy.java:207) ~[spring-aop-4.1.3.RELEASE.jar:4.1.3.RELEASE]
	at com.sun.proxy.$Proxy136.getPeople(Unknown Source) ~[?:?]
	at sun.reflect.NativeMethodAccessorImpl.invoke0(Native Method) ~[?:1.7.0_75]
	at sun.reflect.NativeMethodAccessorImpl.invoke(NativeMethodAccessorImpl.java:57) ~[?:1.7.0_75]
	at sun.reflect.DelegatingMethodAccessorImpl.invoke(DelegatingMethodAccessorImpl.java:43) ~[?:1.7.0_75]
	at java.lang.reflect.Method.invoke(Method.java:606) ~[?:1.7.0_75]
	at org.apache.cxf.service.invoker.AbstractInvoker.performInvocation(AbstractInvoker.java:181) ~[cxf-core-3.0.1.jar:3.0.1]
	at org.apache.cxf.service.invoker.AbstractInvoker.invoke(AbstractInvoker.java:97) ~[cxf-core-3.0.1.jar:3.0.1]
	... 100 more
Caused by: org.hibernate.HibernateException: Could not obtain transaction-synchronized Session for current thread
	at org.springframework.orm.hibernate4.SpringSessionContext.currentSession(SpringSessionContext.java:134) ~[spring-orm-4.1.3.RELEASE.jar:4.1.3.RELEASE]
	at org.hibernate.internal.SessionFactoryImpl.getCurrentSession(SessionFactoryImpl.java:1014) ~[hibernate-core-4.3.6.Final.jar:4.3.6.Final]
	at com.cxic.dao.hibernate.GenericDaoHibernate.getSession(GenericDaoHibernate.java:78) ~[classes/:?]
	at com.cxic.dao.hibernate.GenericDaoHibernate.getAll(GenericDaoHibernate.java:96) ~[classes/:?]
	at com.cxic.dao.hibernate.GenericDaoHibernate.getAllDistinct(GenericDaoHibernate.java:105) ~[classes/:?]
	at sun.reflect.NativeMethodAccessorImpl.invoke0(Native Method) ~[?:1.7.0_75]
	at sun.reflect.NativeMethodAccessorImpl.invoke(NativeMethodAccessorImpl.java:57) ~[?:1.7.0_75]
	at sun.reflect.DelegatingMethodAccessorImpl.invoke(DelegatingMethodAccessorImpl.java:43) ~[?:1.7.0_75]
	at java.lang.reflect.Method.invoke(Method.java:606) ~[?:1.7.0_75]
	at org.springframework.aop.support.AopUtils.invokeJoinpointUsingReflection(AopUtils.java:317) ~[spring-aop-4.1.3.RELEASE.jar:4.1.3.RELEASE]
	at org.springframework.aop.framework.ReflectiveMethodInvocation.invokeJoinpoint(ReflectiveMethodInvocation.java:190) ~[spring-aop-4.1.3.RELEASE.jar:4.1.3.RELEASE]
	at org.springframework.aop.framework.ReflectiveMethodInvocation.proceed(ReflectiveMethodInvocation.java:157) ~[spring-aop-4.1.3.RELEASE.jar:4.1.3.RELEASE]
	at org.springframework.dao.support.PersistenceExceptionTranslationInterceptor.invoke(PersistenceExceptionTranslationInterceptor.java:136) ~[spring-tx-4.1.3.RELEASE.jar:4.1.3.RELEASE]
	at org.springframework.aop.framework.ReflectiveMethodInvocation.proceed(ReflectiveMethodInvocation.java:179) ~[spring-aop-4.1.3.RELEASE.jar:4.1.3.RELEASE]
	at org.springframework.aop.framework.JdkDynamicAopProxy.invoke(JdkDynamicAopProxy.java:207) ~[spring-aop-4.1.3.RELEASE.jar:4.1.3.RELEASE]
	at com.sun.proxy.$Proxy135.getAllDistinct(Unknown Source) ~[?:?]
	at com.cxic.service.impl.PersonManagerImpl.getPeople(PersonManagerImpl.java:33) ~[classes/:?]
	at sun.reflect.NativeMethodAccessorImpl.invoke0(Native Method) ~[?:1.7.0_75]
	at sun.reflect.NativeMethodAccessorImpl.invoke(NativeMethodAccessorImpl.java:57) ~[?:1.7.0_75]
	at sun.reflect.DelegatingMethodAccessorImpl.invoke(DelegatingMethodAccessorImpl.java:43) ~[?:1.7.0_75]
	at java.lang.reflect.Method.invoke(Method.java:606) ~[?:1.7.0_75]
	at org.springframework.aop.support.AopUtils.invokeJoinpointUsingReflection(AopUtils.java:317) ~[spring-aop-4.1.3.RELEASE.jar:4.1.3.RELEASE]
	at org.springframework.aop.framework.ReflectiveMethodInvocation.invokeJoinpoint(ReflectiveMethodInvocation.java:190) ~[spring-aop-4.1.3.RELEASE.jar:4.1.3.RELEASE]
	at org.springframework.aop.framework.ReflectiveMethodInvocation.proceed(ReflectiveMethodInvocation.java:157) ~[spring-aop-4.1.3.RELEASE.jar:4.1.3.RELEASE]
	at org.springframework.aop.interceptor.ExposeInvocationInterceptor.invoke(ExposeInvocationInterceptor.java:92) ~[spring-aop-4.1.3.RELEASE.jar:4.1.3.RELEASE]
	at org.springframework.aop.framework.ReflectiveMethodInvocation.proceed(ReflectiveMethodInvocation.java:179) ~[spring-aop-4.1.3.RELEASE.jar:4.1.3.RELEASE]
	at org.springframework.aop.framework.JdkDynamicAopProxy.invoke(JdkDynamicAopProxy.java:207) ~[spring-aop-4.1.3.RELEASE.jar:4.1.3.RELEASE]
	at com.sun.proxy.$Proxy136.getPeople(Unknown Source) ~[?:?]
	at sun.reflect.NativeMethodAccessorImpl.invoke0(Native Method) ~[?:1.7.0_75]
	at sun.reflect.NativeMethodAccessorImpl.invoke(NativeMethodAccessorImpl.java:57) ~[?:1.7.0_75]
	at sun.reflect.DelegatingMethodAccessorImpl.invoke(DelegatingMethodAccessorImpl.java:43) ~[?:1.7.0_75]
	at java.lang.reflect.Method.invoke(Method.java:606) ~[?:1.7.0_75]
	at org.apache.cxf.service.invoker.AbstractInvoker.performInvocation(AbstractInvoker.java:181) ~[cxf-core-3.0.1.jar:3.0.1]
	at org.apache.cxf.service.invoker.AbstractInvoker.invoke(AbstractInvoker.java:97) ~[cxf-core-3.0.1.jar:3.0.1]
	... 100 more
[INFO] Jetty server exiting.
[INFO] ------------------------------------------------------------------------
[INFO] BUILD SUCCESS
[INFO] ------------------------------------------------------------------------
[INFO] Total time: 59.360 s
